<?xml version="1.0" encoding="UTF-8"?>
<testsuite name="LearningAndDevelopment"
           tests="2"
           failures="0"
           errors="0"
           skipped="0"
           time="0.582">
  <properties />
  
  
            <testcase name="getProgramDetailsWithInvalidProgramId" time="0.255" classname="com.jio.test.LearningAndDevelopment.GetProgramDetailsTest" />
                <testcase name="getProgramDetailsWithValidData" time="0.327" classname="com.jio.test.LearningAndDevelopment.GetProgramDetailsTest" />
      
</testsuite>
